repo-master/plat/app/soa/andi/build/outputs/logs/manifest-merger-debug-report.txt
-- Merging decision tree log ---
manifest
ADDED from AndroidManifest.xml:2:1
	xmlns:android
		ADDED from AndroidManifest.xml:2:11
	package
		ADDED from AndroidManifest.xml:3:5
	android:versionName
		ADDED from AndroidManifest.xml:5:5
	android:versionCode
		ADDED from AndroidManifest.xml:4:5
		INJECTED from AndroidManifest.xml:0:0
		INJECTED from AndroidManifest.xml:0:0
uses-sdk
ADDED from AndroidManifest.xml:7:5
MERGED from repo-master.plat.base:andi:unspecified:7:5
	android:targetSdkVersion
		ADDED from AndroidManifest.xml:9:9
	android:minSdkVersion
		ADDED from AndroidManifest.xml:8:9
application
ADDED from AndroidManifest.xml:11:5
MERGED from repo-master.plat.base:andi:unspecified:15:5
	android:label
		ADDED from AndroidManifest.xml:14:9
	android:allowBackup
		ADDED from AndroidManifest.xml:12:9
	android:icon
		ADDED from AndroidManifest.xml:13:9
	android:theme
		ADDED from AndroidManifest.xml:15:9
activity#swifiic.soa.AuthenticationActivity
ADDED from AndroidManifest.xml:16:9
	android:label
		ADDED from AndroidManifest.xml:18:13
	android:name
		ADDED from AndroidManifest.xml:17:13
intent-filter#android.intent.action.MAIN+android.intent.category.LAUNCHER
ADDED from AndroidManifest.xml:20:13
action#android.intent.action.MAIN
ADDED from AndroidManifest.xml:21:17
	android:name
		ADDED from AndroidManifest.xml:21:25
category#android.intent.category.LAUNCHER
ADDED from AndroidManifest.xml:23:17
	android:name
		ADDED from AndroidManifest.xml:23:27
activity#swifiic.soa.MainActivity
ADDED from AndroidManifest.xml:26:5
	android:configChanges
		ADDED from AndroidManifest.xml:28:13
	android:name
		ADDED from AndroidManifest.xml:27:11
uses-permission#android.permission.ACCESS_WIFI_STATE
ADDED from AndroidManifest.xml:32:3
	android:name
		ADDED from AndroidManifest.xml:32:20
uses-permission#android.permission.INTERNET
ADDED from AndroidManifest.xml:33:3
	android:name
		ADDED from AndroidManifest.xml:33:20
uses-permission#android.permission.CAMERA
ADDED from AndroidManifest.xml:34:3
	android:name
		ADDED from AndroidManifest.xml:34:20
uses-permission#de.tubs.ibr.dtn.permission.DTN_COMMUNICATION
ADDED from repo-master.plat.base:andi:unspecified:11:5
	android:name
		ADDED from repo-master.plat.base:andi:unspecified:11:22
uses-permission#in.swifiic.plat.app.suta.andi.USER
ADDED from repo-master.plat.base:andi:unspecified:12:5
	android:name
		ADDED from repo-master.plat.base:andi:unspecified:12:22
uses-permission#android.permission.WRITE_EXTERNAL_STORAGE
ADDED from repo-master.plat.base:andi:unspecified:13:5
	android:name
		ADDED from repo-master.plat.base:andi:unspecified:13:22
activity#in.swifiic.plat.helper.andi.ui.UserChooserActivity
ADDED from repo-master.plat.base:andi:unspecified:16:9
	android:label
		ADDED from repo-master.plat.base:andi:unspecified:18:13
	android:name
		ADDED from repo-master.plat.base:andi:unspecified:17:13
service#in.swifiic.plat.helper.andi.GenericService
ADDED from repo-master.plat.base:andi:unspecified:20:9
	android:name
		ADDED from repo-master.plat.base:andi:unspecified:20:18
receiver#in.swifiic.plat.helper.andi.IBRDtnReceiver
ADDED from repo-master.plat.base:andi:unspecified:23:9
	android:exported
		ADDED from repo-master.plat.base:andi:unspecified:26:13
	android:enabled
		ADDED from repo-master.plat.base:andi:unspecified:25:13
	android:permission
		ADDED from repo-master.plat.base:andi:unspecified:27:13
	android:name
		ADDED from repo-master.plat.base:andi:unspecified:24:13
intent-filter#de.tubs.ibr.dtn.intent.RECEIVE
ADDED from repo-master.plat.base:andi:unspecified:30:13
action#de.tubs.ibr.dtn.intent.RECEIVE
ADDED from repo-master.plat.base:andi:unspecified:31:17
	android:name
		ADDED from repo-master.plat.base:andi:unspecified:31:25
intent-filter#de.tubs.ibr.dtn.intent.STATUS_REPORT
ADDED from repo-master.plat.base:andi:unspecified:34:13
action#de.tubs.ibr.dtn.intent.STATUS_REPORT
ADDED from repo-master.plat.base:andi:unspecified:35:17
	android:name
		ADDED from repo-master.plat.base:andi:unspecified:35:25
receiver#in.swifiic.plat.helper.andi.HubAddressReceiver
ADDED from repo-master.plat.base:andi:unspecified:38:9
	android:name
		ADDED from repo-master.plat.base:andi:unspecified:38:19
intent-filter#swifiic.suta.hubAddressUpdate
ADDED from repo-master.plat.base:andi:unspecified:39:13
action#swifiic.suta.hubAddressUpdate
ADDED from repo-master.plat.base:andi:unspecified:40:17
	android:name
		ADDED from repo-master.plat.base:andi:unspecified:40:25
android:uses-permission#android.permission.READ_EXTERNAL_STORAGE
IMPLIED from AndroidManifest.xml:2:1 reason: in.swifiic.plat.andi requested WRITE_EXTERNAL_STORAGE